30/07/21 09:47:23 AM: INFO: *************** Test_001_Login ****************
30/07/21 09:47:23 AM: INFO: *************** test_loginPageTitle started ****************
30/07/21 09:47:27 AM: INFO: *************** test_loginPageTitle passed ****************
30/07/21 09:47:31 AM: INFO: *************** test_login started ****************
30/07/21 09:47:45 AM: INFO: *************** test_login passed ****************
30/07/21 08:23:30 PM: INFO: *************** Test_001_Login ****************
30/07/21 08:23:30 PM: INFO: *************** test_loginPageTitle started ****************
30/07/21 08:23:34 PM: INFO: *************** test_loginPageTitle passed ****************
30/07/21 08:23:39 PM: INFO: *************** test_login started ****************
30/07/21 08:23:54 PM: INFO: *************** test_login passed ****************
30/07/21 08:48:18 PM: INFO: *************** Test_001_Login ****************
30/07/21 08:48:18 PM: INFO: *************** test_loginPageTitle started ****************
30/07/21 08:48:25 PM: INFO: *************** test_loginPageTitle passed ****************
30/07/21 08:48:36 PM: INFO: *************** test_login started ****************
30/07/21 08:48:54 PM: INFO: *************** test_login passed ****************
30/07/21 09:40:51 PM: INFO: *************** Test_001_Login ****************
30/07/21 09:40:51 PM: INFO: *************** test_loginPageTitle started ****************
30/07/21 09:40:55 PM: INFO: *************** test_loginPageTitle passed ****************
30/07/21 09:40:59 PM: INFO: *************** test_login started ****************
30/07/21 09:41:13 PM: INFO: *************** test_login passed ****************
30/07/21 09:41:31 PM: INFO: *************** Test_001_Login ****************
30/07/21 09:41:31 PM: INFO: *************** test_loginPageTitle started ****************
30/07/21 09:41:35 PM: INFO: *************** test_loginPageTitle passed ****************
30/07/21 09:41:39 PM: INFO: *************** test_login started ****************
30/07/21 09:41:51 PM: INFO: *************** test_login passed ****************
30/07/21 09:43:06 PM: INFO: *************** Test_001_Login ****************
30/07/21 09:43:06 PM: INFO: *************** test_loginPageTitle started ****************
30/07/21 09:43:10 PM: INFO: *************** test_loginPageTitle passed ****************
30/07/21 09:43:15 PM: INFO: *************** test_login started ****************
30/07/21 09:43:27 PM: INFO: *************** test_login passed ****************
30/07/21 10:48:37 PM: INFO: *************** Test_001_Login ****************
30/07/21 10:48:37 PM: INFO: *************** test_loginPageTitle started ****************
30/07/21 10:48:56 PM: INFO: *************** test_login started ****************
30/07/21 10:53:49 PM: INFO: *************** Test_001_Login ****************
30/07/21 10:53:49 PM: INFO: *************** test_loginPageTitle started ****************
30/07/21 10:54:09 PM: INFO: *************** test_login started ****************
30/07/21 10:55:25 PM: INFO: *************** Test_001_Login ****************
30/07/21 10:55:25 PM: INFO: *************** test_loginPageTitle started ****************
30/07/21 10:55:45 PM: INFO: *************** test_login started ****************
30/07/21 11:10:18 PM: INFO: *************** Test_001_Login ****************
30/07/21 11:10:18 PM: INFO: *************** test_loginPageTitle started ****************
30/07/21 11:10:37 PM: INFO: *************** test_login started ****************
30/07/21 11:18:58 PM: INFO: *************** Test_001_Login ****************
30/07/21 11:18:58 PM: INFO: *************** test_loginPageTitle started ****************
30/07/21 11:19:17 PM: INFO: *************** test_login started ****************
30/07/21 11:23:01 PM: INFO: *************** Test_001_Login ****************
30/07/21 11:23:01 PM: INFO: *************** test_loginPageTitle started ****************
30/07/21 11:23:29 PM: INFO: *************** test_login started ****************
30/07/21 11:26:35 PM: INFO: *************** Test_001_Login ****************
30/07/21 11:26:35 PM: INFO: *************** test_loginPageTitle started ****************
30/07/21 11:27:02 PM: INFO: *************** test_login started ****************
30/07/21 11:27:59 PM: INFO: *************** Test_001_Login ****************
30/07/21 11:27:59 PM: INFO: *************** test_loginPageTitle started ****************
30/07/21 11:28:19 PM: INFO: *************** test_login started ****************
30/07/21 11:39:28 PM: INFO: *************** Test_001_Login ****************
30/07/21 11:39:28 PM: INFO: *************** test_loginPageTitle started ****************
30/07/21 11:39:33 PM: INFO: *************** test_loginPageTitle passed ****************
30/07/21 11:39:36 PM: INFO: *************** test_login started ****************
30/07/21 11:39:51 PM: INFO: *************** test_login passed ****************
01/08/21 08:44:40 AM: INFO: *************** Test_001_Login ****************
01/08/21 08:44:40 AM: INFO: *************** test_loginPageTitle started ****************
01/08/21 08:44:48 AM: INFO: *************** test_loginPageTitle passed ****************
01/08/21 08:44:52 AM: INFO: *************** test_login started ****************
01/08/21 08:45:28 AM: INFO: *************** test_login passed ****************
01/08/21 08:46:27 AM: INFO: *************** Test_001_Login ****************
01/08/21 08:46:27 AM: INFO: *************** test_loginPageTitle started ****************
01/08/21 08:46:46 AM: INFO: *************** test_login started ****************
01/08/21 08:47:29 AM: INFO: *************** Test_001_Login ****************
01/08/21 08:47:29 AM: INFO: *************** test_loginPageTitle started ****************
01/08/21 08:47:34 AM: INFO: *************** test_loginPageTitle passed ****************
01/08/21 08:47:38 AM: INFO: *************** test_login started ****************
01/08/21 08:48:13 AM: INFO: *************** test_login passed ****************
01/08/21 08:48:40 AM: INFO: *************** Test_001_Login ****************
01/08/21 08:48:40 AM: INFO: *************** test_loginPageTitle started ****************
01/08/21 08:48:46 AM: INFO: *************** test_loginPageTitle passed ****************
01/08/21 08:48:57 AM: INFO: *************** test_login started ****************
01/08/21 08:49:29 AM: INFO: *************** test_login passed ****************
01/08/21 09:12:53 AM: INFO: *************** Test_001_Login ****************
01/08/21 09:12:53 AM: INFO: *************** test_loginPageTitle started ****************
01/08/21 09:13:01 AM: INFO: *************** test_loginPageTitle passed ****************
01/08/21 09:13:12 AM: INFO: *************** test_login started ****************
01/08/21 09:13:44 AM: INFO: *************** test_login passed ****************
01/08/21 09:17:22 AM: INFO: *************** Test_001_Login ****************
01/08/21 09:17:22 AM: INFO: *************** test_loginPageTitle started ****************
01/08/21 09:17:27 AM: INFO: *************** test_loginPageTitle passed ****************
01/08/21 09:17:31 AM: INFO: *************** test_login started ****************
01/08/21 09:18:37 AM: INFO: *************** test_login passed ****************
01/08/21 12:17:55 PM: INFO: *************** Test_001_Login ****************
01/08/21 12:17:55 PM: INFO: *************** test_loginPageTitle started ****************
01/08/21 12:18:11 PM: INFO: *************** test_loginPageTitle passed ****************
01/08/21 12:18:15 PM: INFO: *************** test_login started ****************
01/08/21 12:18:41 PM: INFO: *************** test_login passed ****************
01/08/21 01:24:57 PM: INFO: *************** Test_001_Login ****************
01/08/21 01:24:57 PM: INFO: *************** test_loginPageTitle started ****************
01/08/21 01:25:06 PM: INFO: *************** test_loginPageTitle passed ****************
01/08/21 01:25:10 PM: INFO: *************** test_login started ****************
01/08/21 01:25:57 PM: INFO: *************** test_login passed ****************
02/08/21 07:52:15 PM: INFO: *************** Test_001_Login started ****************
02/08/21 07:52:15 PM: INFO: *************** test_loginPageTitle started ****************
02/08/21 07:52:20 PM: INFO: *************** test_loginPageTitle passed ****************
02/08/21 07:52:24 PM: INFO: *************** test_login started ****************
02/08/21 07:52:41 PM: INFO: *************** test_login passed ****************
02/08/21 07:54:19 PM: INFO: *************** Test_002_DDT_Login started ****************
02/08/21 07:54:19 PM: INFO: *************** test_login started ****************
02/08/21 07:54:35 PM: INFO: *************** Passed ****************
02/08/21 08:14:36 PM: INFO: *************** Test_002_DDT_Login started ****************
02/08/21 08:14:36 PM: INFO: *************** test_login started ****************
02/08/21 08:14:57 PM: INFO: *************** Passed ****************
02/08/21 08:15:09 PM: INFO: *************** Passed ****************
02/08/21 08:16:57 PM: INFO: *************** Test_002_DDT_Login started ****************
02/08/21 08:16:57 PM: INFO: *************** test_login started ****************
02/08/21 08:17:55 PM: INFO: *************** Test_002_DDT_Login started ****************
02/08/21 08:17:55 PM: INFO: *************** test_login started ****************
02/08/21 08:18:46 PM: INFO: *************** Passed ****************
02/08/21 08:18:59 PM: INFO: *************** Passed ****************
02/08/21 08:23:42 PM: INFO: *************** Test_002_DDT_Login started ****************
02/08/21 08:23:42 PM: INFO: *************** test_login started ****************
02/08/21 08:24:08 PM: INFO: *************** Passed ****************
02/08/21 08:25:04 PM: INFO: *************** Test_002_DDT_Login started ****************
02/08/21 08:25:05 PM: INFO: *************** test_login started ****************
02/08/21 08:25:26 PM: INFO: *************** Passed ****************
02/08/21 08:25:39 PM: INFO: *************** Passed ****************
02/08/21 08:28:05 PM: INFO: *************** Test_002_DDT_Login started ****************
02/08/21 08:28:05 PM: INFO: *************** test_login started ****************
02/08/21 08:28:24 PM: INFO: *************** Passed ****************
02/08/21 08:28:37 PM: INFO: *************** Passed ****************
02/08/21 08:28:44 PM: INFO: *************** Passed ****************
02/08/21 08:28:52 PM: INFO: *************** Passed ****************
02/08/21 08:28:52 PM: INFO: *************** test_login__ddt Passed ****************
02/08/21 08:28:52 PM: INFO: *************** Test_002_DDT_Login Passed ****************
02/08/21 08:28:53 PM: INFO: *************** Test_002_DDT_Login Completed ****************
02/08/21 08:29:47 PM: INFO: *************** Test_002_DDT_Login started ****************
02/08/21 08:29:47 PM: INFO: *************** test_login started ****************
02/08/21 08:30:06 PM: INFO: *************** Passed ****************
02/08/21 08:30:19 PM: INFO: *************** Passed ****************
02/08/21 08:30:26 PM: INFO: *************** Passed ****************
02/08/21 08:30:34 PM: INFO: *************** Passed ****************
02/08/21 08:30:34 PM: INFO: *************** test_login__ddt Passed ****************
02/08/21 08:30:34 PM: INFO: *************** Test_002_DDT_Login Passed ****************
02/08/21 08:30:34 PM: INFO: *************** Test_002_DDT_Login Completed ****************
03/08/21 10:41:29 PM: INFO: ******************* Test_003_AddCustomer ********************
03/08/21 10:44:42 PM: INFO: ******************* Test_003_AddCustomer ********************
03/08/21 10:44:46 PM: INFO: ******************* Trying to login ********************
03/08/21 10:44:56 PM: INFO: ******************* Login successful ********************
03/08/21 10:44:56 PM: INFO: ******************* Starting test_addCustomer ********************
03/08/21 10:49:34 PM: INFO: ******************* Test_003_AddCustomer ********************
03/08/21 10:49:37 PM: INFO: ******************* Trying to login ********************
03/08/21 10:49:49 PM: INFO: ******************* Login successful ********************
03/08/21 10:49:49 PM: INFO: ******************* Starting test_addCustomer ********************
03/08/21 10:50:51 PM: INFO: ******************* Test_003_AddCustomer ********************
03/08/21 10:50:54 PM: INFO: ******************* Trying to login ********************
03/08/21 10:50:59 PM: INFO: ******************* Login successful ********************
03/08/21 10:50:59 PM: INFO: ******************* Starting test_addCustomer ********************
04/08/21 08:17:46 PM: INFO: ******************* Test_003_AddCustomer ********************
04/08/21 08:18:01 PM: INFO: ******************* Trying to login ********************
04/08/21 08:18:31 PM: INFO: ******************* Test_003_AddCustomer ********************
04/08/21 08:18:42 PM: INFO: ******************* Trying to login ********************
04/08/21 08:19:04 PM: INFO: ******************* Login successful ********************
04/08/21 08:19:04 PM: INFO: ******************* Starting test_addCustomer ********************
04/08/21 10:17:38 PM: INFO: ******************* Test_003_AddCustomer ********************
04/08/21 10:17:42 PM: INFO: ******************* Trying to login ********************
04/08/21 10:18:42 PM: INFO: ******************* Login successful ********************
04/08/21 10:18:42 PM: INFO: ******************* Starting test_addCustomer ********************
04/08/21 10:30:57 PM: INFO: ******************* Test_003_AddCustomer ********************
04/08/21 10:31:03 PM: INFO: ******************* Trying to login ********************
04/08/21 10:31:19 PM: INFO: ******************* Login successful ********************
04/08/21 10:31:19 PM: INFO: ******************* Starting test_addCustomer ********************
04/08/21 10:31:35 PM: INFO: ******************* Providing customer info ********************
04/08/21 10:32:55 PM: INFO: ******************* Test_003_AddCustomer ********************
04/08/21 10:32:58 PM: INFO: ******************* Trying to login ********************
04/08/21 10:33:08 PM: INFO: ******************* Login successful ********************
04/08/21 10:33:08 PM: INFO: ******************* Starting test_addCustomer ********************
04/08/21 10:33:21 PM: INFO: ******************* Providing customer info ********************
04/08/21 10:36:44 PM: INFO: ******************* Test_003_AddCustomer ********************
04/08/21 10:36:48 PM: INFO: ******************* Trying to login ********************
04/08/21 10:36:58 PM: INFO: ******************* Login successful ********************
04/08/21 10:36:58 PM: INFO: ******************* Starting test_addCustomer ********************
04/08/21 10:37:11 PM: INFO: ******************* Providing customer info ********************
04/08/21 10:38:14 PM: INFO: ******************* Test_003_AddCustomer ********************
04/08/21 10:38:17 PM: INFO: ******************* Trying to login ********************
04/08/21 10:38:26 PM: INFO: ******************* Login successful ********************
04/08/21 10:38:26 PM: INFO: ******************* Starting test_addCustomer ********************
04/08/21 10:38:41 PM: INFO: ******************* Providing customer info ********************
04/08/21 10:46:54 PM: INFO: ******************* Test_003_AddCustomer ********************
04/08/21 10:46:58 PM: INFO: ******************* Trying to login ********************
04/08/21 10:47:10 PM: INFO: ******************* Login successful ********************
04/08/21 10:47:10 PM: INFO: ******************* Starting test_addCustomer ********************
04/08/21 10:47:23 PM: INFO: ******************* Providing customer info ********************
04/08/21 10:48:16 PM: INFO: ******************* Test_003_AddCustomer ********************
04/08/21 10:48:20 PM: INFO: ******************* Trying to login ********************
04/08/21 10:48:31 PM: INFO: ******************* Login successful ********************
04/08/21 10:48:31 PM: INFO: ******************* Starting test_addCustomer ********************
04/08/21 10:48:43 PM: INFO: ******************* Providing customer info ********************
04/08/21 10:58:04 PM: INFO: ******************* Test_003_AddCustomer ********************
04/08/21 10:58:21 PM: INFO: ******************* Test_003_AddCustomer ********************
04/08/21 10:58:24 PM: INFO: ******************* Trying to login ********************
04/08/21 10:58:36 PM: INFO: ******************* Login successful ********************
04/08/21 10:58:36 PM: INFO: ******************* Starting test_addCustomer ********************
04/08/21 10:58:52 PM: INFO: ******************* Providing customer info ********************
04/08/21 10:59:57 PM: INFO: ******************* Test_003_AddCustomer ********************
04/08/21 11:00:23 PM: INFO: ******************* Test_003_AddCustomer ********************
04/08/21 11:00:27 PM: INFO: ******************* Trying to login ********************
04/08/21 11:00:35 PM: INFO: ******************* Login successful ********************
04/08/21 11:00:35 PM: INFO: ******************* Starting test_addCustomer ********************
04/08/21 11:00:49 PM: INFO: ******************* Providing customer info ********************
04/08/21 11:03:55 PM: INFO: ******************* Test_003_AddCustomer ********************
04/08/21 11:03:58 PM: INFO: ******************* Trying to login ********************
04/08/21 11:04:08 PM: INFO: ******************* Login successful ********************
04/08/21 11:04:08 PM: INFO: ******************* Starting test_addCustomer ********************
04/08/21 11:04:23 PM: INFO: ******************* Providing customer info ********************
04/08/21 11:08:13 PM: INFO: ******************* Test_003_AddCustomer ********************
04/08/21 11:08:17 PM: INFO: ******************* Trying to login ********************
04/08/21 11:08:27 PM: INFO: ******************* Login successful ********************
04/08/21 11:08:27 PM: INFO: ******************* Starting test_addCustomer ********************
04/08/21 11:08:42 PM: INFO: ******************* Providing customer info ********************
04/08/21 11:11:15 PM: INFO: ******************* Test_003_AddCustomer ********************
04/08/21 11:11:18 PM: INFO: ******************* Trying to login ********************
04/08/21 11:11:28 PM: INFO: ******************* Login successful ********************
04/08/21 11:11:28 PM: INFO: ******************* Starting test_addCustomer ********************
04/08/21 11:11:50 PM: INFO: ******************* Providing customer info ********************
04/08/21 11:14:42 PM: INFO: ******************* Test_003_AddCustomer ********************
04/08/21 11:14:47 PM: INFO: ******************* Trying to login ********************
04/08/21 11:15:10 PM: INFO: ******************* Login successful ********************
04/08/21 11:15:10 PM: INFO: ******************* Starting test_addCustomer ********************
04/08/21 11:15:23 PM: INFO: ******************* Providing customer info ********************
04/08/21 11:15:29 PM: INFO: ****************** Saving customer info  ******************
04/08/21 11:15:29 PM: INFO: ****************** Add customer validation started ******************
04/08/21 11:15:31 PM: INFO: ******************* test_addCustomer passed ********************
04/08/21 11:15:31 PM: INFO: ******************* End of Test_003_AddCustomer ********************
04/08/21 11:16:30 PM: INFO: ******************* Test_003_AddCustomer ********************
04/08/21 11:16:34 PM: INFO: ******************* Trying to login ********************
04/08/21 11:16:52 PM: INFO: ******************* Login successful ********************
04/08/21 11:16:52 PM: INFO: ******************* Starting test_addCustomer ********************
04/08/21 11:17:09 PM: INFO: ******************* Providing customer info ********************
04/08/21 11:45:49 PM: INFO: ******************* Test_003_AddCustomer ********************
04/08/21 11:45:56 PM: INFO: ******************* Trying to login ********************
04/08/21 11:46:14 PM: INFO: ******************* Login successful ********************
04/08/21 11:46:14 PM: INFO: ******************* Starting test_addCustomer ********************
04/08/21 11:46:28 PM: INFO: ******************* Providing customer info ********************
04/08/21 11:56:02 PM: INFO: ******************* Test_003_AddCustomer ********************
04/08/21 11:56:07 PM: INFO: ******************* Trying to login ********************
04/08/21 11:56:27 PM: INFO: ******************* Login successful ********************
04/08/21 11:56:27 PM: INFO: ******************* Starting test_addCustomer ********************
04/08/21 11:56:40 PM: INFO: ******************* Providing customer info ********************
04/08/21 11:56:50 PM: INFO: ****************** Saving customer info  ******************
04/08/21 11:56:50 PM: INFO: ****************** Add customer validation started ******************
04/08/21 11:56:51 PM: INFO: ******************* test_addCustomer failed ********************
05/08/21 12:03:29 AM: INFO: ******************* Test_003_AddCustomer ********************
05/08/21 12:03:34 AM: INFO: ******************* Trying to login ********************
05/08/21 12:03:54 AM: INFO: ******************* Login successful ********************
05/08/21 12:03:54 AM: INFO: ******************* Starting test_addCustomer ********************
05/08/21 12:04:09 AM: INFO: ******************* Providing customer info ********************
05/08/21 12:04:18 AM: INFO: ****************** Saving customer info  ******************
05/08/21 12:04:18 AM: INFO: ****************** Add customer validation started ******************
05/08/21 12:04:21 AM: INFO: ******************* test_addCustomer passed ********************
05/08/21 12:04:21 AM: INFO: ******************* End of Test_003_AddCustomer ********************
05/08/21 12:04:52 AM: INFO: ******************* Test_003_AddCustomer ********************
05/08/21 12:04:57 AM: INFO: ******************* Trying to login ********************
05/08/21 12:05:14 AM: INFO: ******************* Login successful ********************
05/08/21 12:05:14 AM: INFO: ******************* Starting test_addCustomer ********************
05/08/21 12:05:27 AM: INFO: ******************* Providing customer info ********************
05/08/21 12:05:32 AM: INFO: ****************** Saving customer info  ******************
05/08/21 12:05:32 AM: INFO: ****************** Add customer validation started ******************
05/08/21 12:05:34 AM: INFO: ******************* test_addCustomer passed ********************
05/08/21 12:05:34 AM: INFO: ******************* End of Test_003_AddCustomer ********************
05/08/21 12:06:20 AM: INFO: ******************* Test_003_AddCustomer ********************
05/08/21 12:06:24 AM: INFO: ******************* Trying to login ********************
05/08/21 12:06:42 AM: INFO: ******************* Login successful ********************
05/08/21 12:06:42 AM: INFO: ******************* Starting test_addCustomer ********************
05/08/21 12:06:57 AM: INFO: ******************* Providing customer info ********************
05/08/21 12:07:03 AM: INFO: ****************** Saving customer info  ******************
05/08/21 12:07:03 AM: INFO: ****************** Add customer validation started ******************
05/08/21 12:07:06 AM: INFO: ******************* test_addCustomer passed ********************
05/08/21 12:07:06 AM: INFO: ******************* End of Test_003_AddCustomer ********************
05/08/21 12:08:44 AM: INFO: ******************* Test_003_AddCustomer ********************
05/08/21 12:08:48 AM: INFO: ******************* Trying to login ********************
05/08/21 12:09:07 AM: INFO: ******************* Login successful ********************
05/08/21 12:09:07 AM: INFO: ******************* Starting test_addCustomer ********************
05/08/21 12:09:18 AM: INFO: ******************* Providing customer info ********************
05/08/21 12:09:27 AM: INFO: ****************** Saving customer info  ******************
05/08/21 12:09:27 AM: INFO: ****************** Add customer validation started ******************
05/08/21 12:09:29 AM: INFO: ******************* test_addCustomer passed ********************
05/08/21 12:09:29 AM: INFO: ******************* End of Test_003_AddCustomer ********************
05/08/21 12:10:14 AM: INFO: ******************* Test_003_AddCustomer ********************
05/08/21 12:10:18 AM: INFO: ******************* Trying to login ********************
05/08/21 12:10:37 AM: INFO: ******************* Login successful ********************
05/08/21 12:10:37 AM: INFO: ******************* Starting test_addCustomer ********************
05/08/21 12:10:51 AM: INFO: ******************* Providing customer info ********************
05/08/21 12:11:00 AM: INFO: ****************** Saving customer info  ******************
05/08/21 12:11:00 AM: INFO: ****************** Add customer validation started ******************
05/08/21 12:11:02 AM: INFO: ******************* test_addCustomer passed ********************
05/08/21 12:11:03 AM: INFO: ******************* End of Test_003_AddCustomer ********************
05/08/21 12:12:45 AM: INFO: ******************* Test_003_AddCustomer ********************
05/08/21 12:12:50 AM: INFO: ******************* Trying to login ********************
05/08/21 12:13:13 AM: INFO: ******************* Login successful ********************
05/08/21 12:13:13 AM: INFO: ******************* Starting test_addCustomer ********************
05/08/21 12:13:28 AM: INFO: ******************* Providing customer info ********************
05/08/21 12:13:35 AM: INFO: ****************** Saving customer info  ******************
05/08/21 12:13:35 AM: INFO: ****************** Add customer validation started ******************
05/08/21 12:13:36 AM: INFO: ******************* test_addCustomer passed ********************
05/08/21 12:13:36 AM: INFO: ******************* End of Test_003_AddCustomer ********************
05/08/21 11:17:26 PM: INFO: ******************* Test_004_SearchCustomerByEmail ********************
05/08/21 11:17:32 PM: INFO: ******************* Trying to login ********************
05/08/21 11:18:09 PM: INFO: ******************* Login successful ********************
05/08/21 11:18:09 PM: INFO: ******************* Starting test_searchCustomerByEmail ********************
05/08/21 11:18:17 PM: INFO: ******************* Searching customer by email ********************
05/08/21 11:21:47 PM: INFO: ******************* Test_004_SearchCustomerByEmail ********************
05/08/21 11:21:51 PM: INFO: ******************* Trying to login ********************
05/08/21 11:22:00 PM: INFO: ******************* Login successful ********************
05/08/21 11:22:00 PM: INFO: ******************* Starting test_searchCustomerByEmail ********************
05/08/21 11:22:07 PM: INFO: ******************* Searching customer by email ********************
05/08/21 11:22:15 PM: INFO: ******************* End of Test_004_SearchCustomerByEmail ********************
05/08/21 11:22:47 PM: INFO: ******************* Test_005_SearchCustomerByName ********************
05/08/21 11:22:50 PM: INFO: ******************* Trying to login ********************
05/08/21 11:22:58 PM: INFO: ******************* Login successful ********************
05/08/21 11:22:58 PM: INFO: ******************* Starting test_searchCustomerByName ********************
05/08/21 11:23:05 PM: INFO: ******************* Searching customer by name ********************
05/08/21 11:25:06 PM: INFO: ******************* Test_005_SearchCustomerByName ********************
05/08/21 11:25:08 PM: INFO: ******************* Trying to login ********************
05/08/21 11:25:18 PM: INFO: ******************* Login successful ********************
05/08/21 11:25:18 PM: INFO: ******************* Starting test_searchCustomerByName ********************
05/08/21 11:25:25 PM: INFO: ******************* Searching customer by name ********************
05/08/21 11:25:31 PM: INFO: ******************* End of Test_005_SearchCustomerByName ********************
05/08/21 11:27:44 PM: INFO: ******************* Test_005_SearchCustomerByName ********************
05/08/21 11:27:46 PM: INFO: ******************* Trying to login ********************
05/08/21 11:27:56 PM: INFO: ******************* Login successful ********************
05/08/21 11:27:56 PM: INFO: ******************* Starting test_searchCustomerByName ********************
05/08/21 11:28:02 PM: INFO: ******************* Searching customer by name ********************
05/08/21 11:28:08 PM: INFO: ******************* End of Test_005_SearchCustomerByName ********************
05/08/21 11:29:09 PM: INFO: ******************* Test_004_SearchCustomerByEmail ********************
05/08/21 11:29:12 PM: INFO: ******************* Trying to login ********************
05/08/21 11:29:20 PM: INFO: ******************* Login successful ********************
05/08/21 11:29:20 PM: INFO: ******************* Starting test_searchCustomerByEmail ********************
05/08/21 11:29:27 PM: INFO: ******************* Searching customer by email ********************
05/08/21 11:29:35 PM: INFO: ******************* End of Test_004_SearchCustomerByEmail ********************
07/08/21 11:31:14 AM: INFO: ******************* Test_003_AddCustomer ********************
07/08/21 11:31:20 AM: INFO: ******************* Trying to login ********************
07/08/21 11:31:41 AM: INFO: ******************* Login successful ********************
07/08/21 11:31:41 AM: INFO: ******************* Starting test_addCustomer ********************
07/08/21 11:31:56 AM: INFO: ******************* Providing customer info ********************
07/08/21 11:32:06 AM: INFO: ****************** Saving customer info  ******************
07/08/21 11:32:06 AM: INFO: ****************** Add customer validation started ******************
07/08/21 11:32:07 AM: INFO: ******************* test_addCustomer passed ********************
07/08/21 11:32:08 AM: INFO: ******************* End of Test_003_AddCustomer ********************
07/08/21 11:32:13 AM: INFO: *************** test_login started ****************
07/08/21 11:32:23 AM: INFO: *************** test_login passed ****************
07/08/21 11:32:52 AM: INFO: *************** Test_001_Login started ****************
07/08/21 11:32:52 AM: INFO: *************** test_loginPageTitle started ****************
07/08/21 11:33:12 AM: INFO: *************** test_loginPageTitle passed ****************
07/08/21 11:33:16 AM: INFO: *************** test_login started ****************
07/08/21 11:34:13 AM: INFO: *************** test_login passed ****************
07/08/21 11:34:17 AM: INFO: *************** Test_002_DDT_Login started ****************
07/08/21 11:34:17 AM: INFO: *************** test_login started ****************
07/08/21 11:34:31 AM: INFO: *************** Passed ****************
07/08/21 11:34:42 AM: INFO: *************** Passed ****************
07/08/21 11:34:49 AM: INFO: *************** Passed ****************
07/08/21 11:34:55 AM: INFO: *************** Passed ****************
07/08/21 11:34:55 AM: INFO: *************** test_login__ddt Passed ****************
07/08/21 11:34:55 AM: INFO: *************** Test_002_DDT_Login Passed ****************
07/08/21 11:34:56 AM: INFO: *************** Test_002_DDT_Login Completed ****************
07/08/21 11:35:00 AM: INFO: ******************* Test_004_SearchCustomerByEmail ********************
07/08/21 11:35:02 AM: INFO: ******************* Trying to login ********************
07/08/21 11:35:08 AM: INFO: ******************* Login successful ********************
07/08/21 11:35:08 AM: INFO: ******************* Starting test_searchCustomerByEmail ********************
07/08/21 11:35:16 AM: INFO: ******************* Searching customer by email ********************
07/08/21 11:35:23 AM: INFO: ******************* End of Test_004_SearchCustomerByEmail ********************
07/08/21 11:35:26 AM: INFO: ******************* Test_005_SearchCustomerByName ********************
07/08/21 11:35:28 AM: INFO: ******************* Trying to login ********************
07/08/21 11:35:35 AM: INFO: ******************* Login successful ********************
07/08/21 11:35:35 AM: INFO: ******************* Starting test_searchCustomerByName ********************
07/08/21 11:35:41 AM: INFO: ******************* Searching customer by name ********************
07/08/21 11:35:48 AM: INFO: ******************* End of Test_005_SearchCustomerByName ********************
07/08/21 11:54:14 AM: INFO: *************** Test_001_Login started ****************
07/08/21 11:54:14 AM: INFO: *************** test_loginPageTitle started ****************
07/08/21 11:55:23 AM: INFO: ******************* Test_003_AddCustomer ********************
07/08/21 11:55:26 AM: INFO: ******************* Trying to login ********************
07/08/21 11:55:40 AM: INFO: ******************* Login successful ********************
07/08/21 11:55:40 AM: INFO: ******************* Starting test_addCustomer ********************
07/08/21 11:55:57 AM: INFO: ******************* Providing customer info ********************
07/08/21 11:56:07 AM: INFO: ****************** Saving customer info  ******************
07/08/21 11:56:07 AM: INFO: ****************** Add customer validation started ******************
07/08/21 11:56:09 AM: INFO: ******************* test_addCustomer passed ********************
07/08/21 11:56:10 AM: INFO: ******************* End of Test_003_AddCustomer ********************
07/08/21 11:56:15 AM: INFO: *************** test_login started ****************
07/08/21 11:56:30 AM: INFO: *************** test_login passed ****************
07/08/21 11:57:41 AM: INFO: *************** Test_001_Login started ****************
07/08/21 11:57:41 AM: INFO: *************** test_loginPageTitle started ****************
07/08/21 11:57:45 AM: INFO: *************** test_loginPageTitle passed ****************
07/08/21 11:57:49 AM: INFO: *************** test_login started ****************
07/08/21 11:58:03 AM: INFO: *************** test_login passed ****************
07/08/21 11:58:08 AM: INFO: *************** Test_002_DDT_Login started ****************
07/08/21 11:58:08 AM: INFO: *************** test_login started ****************
07/08/21 11:58:24 AM: INFO: *************** Passed ****************
07/08/21 11:58:35 AM: INFO: *************** Passed ****************
07/08/21 11:58:42 AM: INFO: *************** Passed ****************
07/08/21 11:58:48 AM: INFO: *************** Passed ****************
07/08/21 11:58:48 AM: INFO: *************** test_login__ddt Passed ****************
07/08/21 11:58:48 AM: INFO: *************** Test_002_DDT_Login Passed ****************
07/08/21 11:58:49 AM: INFO: *************** Test_002_DDT_Login Completed ****************
07/08/21 11:58:52 AM: INFO: ******************* Test_004_SearchCustomerByEmail ********************
07/08/21 11:58:57 AM: INFO: ******************* Trying to login ********************
07/08/21 11:59:03 AM: INFO: ******************* Login successful ********************
07/08/21 11:59:03 AM: INFO: ******************* Starting test_searchCustomerByEmail ********************
07/08/21 11:59:09 AM: INFO: ******************* Test_005_SearchCustomerByName ********************
07/08/21 12:04:49 PM: INFO: *************** Test_001_Login started ****************
07/08/21 12:04:49 PM: INFO: *************** test_loginPageTitle started ****************
07/08/21 12:04:53 PM: INFO: *************** test_loginPageTitle passed ****************
07/08/21 12:04:57 PM: INFO: *************** test_login started ****************
07/08/21 12:05:16 PM: INFO: *************** test_login passed ****************
07/08/21 12:06:13 PM: INFO: *************** Test_001_Login started ****************
07/08/21 12:06:13 PM: INFO: *************** test_loginPageTitle started ****************
07/08/21 12:06:15 PM: INFO: *************** test_loginPageTitle passed ****************
07/08/21 12:06:20 PM: INFO: *************** test_login started ****************
07/08/21 12:06:34 PM: INFO: *************** test_login passed ****************
07/08/21 12:06:54 PM: INFO: ******************* Test_003_AddCustomer ********************
07/08/21 12:06:57 PM: INFO: ******************* Trying to login ********************
07/08/21 12:07:09 PM: INFO: ******************* Login successful ********************
07/08/21 12:07:09 PM: INFO: ******************* Starting test_addCustomer ********************
07/08/21 12:07:17 PM: INFO: ******************* Providing customer info ********************
07/08/21 12:07:31 PM: INFO: *************** test_login started ****************
07/08/21 12:07:43 PM: INFO: *************** test_login passed ****************
07/08/21 12:12:13 PM: INFO: *************** Test_001_Login started ****************
07/08/21 12:12:13 PM: INFO: *************** test_loginPageTitle started ****************
07/08/21 12:12:17 PM: INFO: *************** test_loginPageTitle passed ****************
07/08/21 12:12:21 PM: INFO: *************** test_login started ****************
07/08/21 12:12:35 PM: INFO: *************** test_login passed ****************
07/08/21 12:15:27 PM: INFO: ******************* Test_003_AddCustomer ********************
07/08/21 12:15:30 PM: INFO: ******************* Trying to login ********************
07/08/21 12:15:39 PM: INFO: ******************* Login successful ********************
07/08/21 12:15:39 PM: INFO: ******************* Starting test_addCustomer ********************
07/08/21 12:15:49 PM: INFO: ******************* Providing customer info ********************
07/08/21 12:16:02 PM: INFO: *************** test_login started ****************
07/08/21 12:16:16 PM: INFO: *************** test_login passed ****************
12/08/21 07:18:51 PM: INFO: ******************* Test_003_AddCustomer ********************
12/08/21 07:19:20 PM: INFO: ******************* Trying to login ********************
12/08/21 07:19:40 PM: INFO: ******************* Login successful ********************
12/08/21 07:19:40 PM: INFO: ******************* Starting test_addCustomer ********************
12/08/21 07:19:54 PM: INFO: ******************* Providing customer info ********************
12/08/21 07:20:03 PM: INFO: ****************** Saving customer info  ******************
12/08/21 07:20:03 PM: INFO: ****************** Add customer validation started ******************
12/08/21 07:20:04 PM: INFO: ******************* test_addCustomer passed ********************
12/08/21 07:20:05 PM: INFO: ******************* End of Test_003_AddCustomer ********************
12/08/21 07:20:10 PM: INFO: *************** Test_001_Login started ****************
12/08/21 07:20:10 PM: INFO: *************** test_loginPageTitle started ****************
12/08/21 07:21:39 PM: INFO: *************** test_login started ****************
12/08/21 07:21:58 PM: INFO: *************** test_login passed ****************
12/08/21 07:22:01 PM: INFO: *************** Test_002_DDT_Login started ****************
12/08/21 07:22:01 PM: INFO: *************** test_login started ****************
12/08/21 07:22:20 PM: INFO: *************** Passed ****************
12/08/21 07:22:29 PM: INFO: *************** Passed ****************
12/08/21 07:22:37 PM: INFO: *************** Passed ****************
12/08/21 07:22:44 PM: INFO: *************** Passed ****************
12/08/21 07:22:44 PM: INFO: *************** test_login__ddt Passed ****************
12/08/21 07:22:44 PM: INFO: *************** Test_002_DDT_Login Passed ****************
12/08/21 07:22:44 PM: INFO: *************** Test_002_DDT_Login Completed ****************
12/08/21 07:22:48 PM: INFO: ******************* Test_004_SearchCustomerByEmail ********************
12/08/21 07:22:50 PM: INFO: ******************* Trying to login ********************
12/08/21 07:23:00 PM: INFO: ******************* Login successful ********************
12/08/21 07:23:00 PM: INFO: ******************* Starting test_searchCustomerByEmail ********************
12/08/21 07:23:10 PM: INFO: ******************* Searching customer by email ********************
12/08/21 07:23:17 PM: INFO: ******************* End of Test_004_SearchCustomerByEmail ********************
12/08/21 07:23:22 PM: INFO: ******************* Test_005_SearchCustomerByName ********************
12/08/21 07:23:25 PM: INFO: ******************* Trying to login ********************
12/08/21 07:23:30 PM: INFO: ******************* Login successful ********************
12/08/21 07:23:30 PM: INFO: ******************* Starting test_searchCustomerByName ********************
18/08/21 07:44:45 PM: INFO: *************** Test_001_Login started ****************
18/08/21 07:44:45 PM: INFO: *************** test_loginPageTitle started ****************
18/08/21 07:44:49 PM: INFO: *************** test_loginPageTitle passed ****************
18/08/21 07:44:52 PM: INFO: *************** test_login started ****************
18/08/21 07:45:07 PM: INFO: *************** test_login passed ****************
18/08/21 07:50:35 PM: INFO: 

18/08/21 07:50:35 PM: INFO: ====== WebDriver manager ======
18/08/21 07:50:36 PM: INFO: Current google-chrome version is 92.0.4515
18/08/21 07:50:36 PM: INFO: Get LATEST driver version for 92.0.4515
18/08/21 07:50:37 PM: INFO: Get LATEST driver version for 92.0.4515
18/08/21 07:50:37 PM: INFO: Trying to download new driver from https://chromedriver.storage.googleapis.com/92.0.4515.107/chromedriver_win32.zip
18/08/21 07:50:43 PM: INFO: Driver has been saved in cache [C:\Users\kjoshi31\.wdm\drivers\chromedriver\win32\92.0.4515.107]
18/08/21 07:50:52 PM: INFO: *************** Test_001_Login started ****************
18/08/21 07:50:52 PM: INFO: *************** test_loginPageTitle started ****************
18/08/21 07:50:57 PM: INFO: *************** test_loginPageTitle passed ****************
18/08/21 07:50:57 PM: INFO: 

18/08/21 07:50:57 PM: INFO: ====== WebDriver manager ======
18/08/21 07:50:57 PM: INFO: Current google-chrome version is 92.0.4515
18/08/21 07:50:57 PM: INFO: Get LATEST driver version for 92.0.4515
18/08/21 07:50:57 PM: INFO: Driver [C:\Users\kjoshi31\.wdm\drivers\chromedriver\win32\92.0.4515.107\chromedriver.exe] found in cache
18/08/21 07:51:01 PM: INFO: *************** test_login started ****************
18/08/21 07:51:16 PM: INFO: *************** test_login passed ****************
18/08/21 07:52:20 PM: INFO: 

18/08/21 07:52:20 PM: INFO: ====== WebDriver manager ======
18/08/21 07:52:25 PM: INFO: Current firefox version is 90.0.2
18/08/21 07:52:25 PM: INFO: Get LATEST driver version for 90.0.2
18/08/21 07:52:26 PM: INFO: There is no [win64] geckodriver for browser 90.0.2 in cache
18/08/21 07:52:26 PM: INFO: Get LATEST driver version for 90.0.2
18/08/21 07:52:27 PM: INFO: Getting latest mozilla release info for v0.29.1
18/08/21 07:52:27 PM: INFO: Get LATEST driver version for 90.0.2
18/08/21 07:52:28 PM: INFO: Get LATEST driver version for 90.0.2
18/08/21 07:52:28 PM: INFO: Trying to download new driver from https://github.com/mozilla/geckodriver/releases/download/v0.29.1/geckodriver-v0.29.1-win64.zip
18/08/21 07:52:31 PM: INFO: Driver has been saved in cache [C:\Users\kjoshi31\.wdm\drivers\geckodriver\win64\v0.29.1]
18/08/21 07:52:31 PM: INFO: 

18/08/21 07:52:31 PM: INFO: ====== WebDriver manager ======
18/08/21 07:52:34 PM: INFO: Current firefox version is 90.0.2
18/08/21 07:52:34 PM: INFO: Get LATEST driver version for 90.0.2
18/08/21 07:52:35 PM: INFO: Driver [C:\Users\kjoshi31\.wdm\drivers\geckodriver\win64\v0.29.1\geckodriver.exe] found in cache
18/08/21 07:53:18 PM: INFO: 

18/08/21 07:53:18 PM: INFO: ====== WebDriver manager ======
18/08/21 07:53:21 PM: INFO: Current firefox version is 90.0.2
18/08/21 07:53:21 PM: INFO: Get LATEST driver version for 90.0.2
18/08/21 07:53:21 PM: INFO: Driver [C:\Users\kjoshi31\.wdm\drivers\geckodriver\win64\v0.29.1\geckodriver.exe] found in cache
18/08/21 07:53:22 PM: INFO: 

18/08/21 07:53:22 PM: INFO: ====== WebDriver manager ======
18/08/21 07:53:24 PM: INFO: Current firefox version is 90.0.2
18/08/21 07:53:24 PM: INFO: Get LATEST driver version for 90.0.2
18/08/21 07:53:25 PM: INFO: Driver [C:\Users\kjoshi31\.wdm\drivers\geckodriver\win64\v0.29.1\geckodriver.exe] found in cache
18/08/21 07:55:26 PM: INFO: 

18/08/21 07:55:26 PM: INFO: ====== WebDriver manager ======
18/08/21 07:55:29 PM: INFO: Current firefox version is 90.0.2
18/08/21 07:55:29 PM: INFO: Get LATEST driver version for 90.0.2
18/08/21 07:55:29 PM: INFO: Driver [C:\Users\kjoshi31\.wdm\drivers\geckodriver\win64\v0.29.1\geckodriver.exe] found in cache
18/08/21 07:55:45 PM: INFO: *************** Test_001_Login started ****************
18/08/21 07:55:45 PM: INFO: *************** test_loginPageTitle started ****************
18/08/21 07:55:50 PM: INFO: *************** test_loginPageTitle passed ****************
18/08/21 07:55:50 PM: INFO: 

18/08/21 07:55:50 PM: INFO: ====== WebDriver manager ======
18/08/21 07:55:54 PM: INFO: Current firefox version is 90.0.2
18/08/21 07:55:54 PM: INFO: Get LATEST driver version for 90.0.2
18/08/21 07:55:54 PM: INFO: Driver [C:\Users\kjoshi31\.wdm\drivers\geckodriver\win64\v0.29.1\geckodriver.exe] found in cache
18/08/21 07:56:07 PM: INFO: *************** test_login started ****************
18/08/21 07:56:25 PM: INFO: *************** test_login passed ****************
18/08/21 07:59:20 PM: INFO: 

18/08/21 07:59:20 PM: INFO: ====== WebDriver manager ======
18/08/21 07:59:32 PM: INFO: 

18/08/21 07:59:32 PM: INFO: ====== WebDriver manager ======
18/08/21 08:04:20 PM: INFO: 

18/08/21 08:04:20 PM: INFO: ====== WebDriver manager ======
18/08/21 08:04:24 PM: INFO: There is no [x64] IEDriverServer for browser  in cache
18/08/21 08:04:27 PM: INFO: 

18/08/21 08:04:27 PM: INFO: ====== WebDriver manager ======
18/08/21 08:04:28 PM: INFO: There is no [x64] IEDriverServer for browser  in cache
18/08/21 08:09:22 PM: INFO: 

18/08/21 08:09:22 PM: INFO: ====== WebDriver manager ======
18/08/21 08:09:22 PM: INFO: Current google-chrome version is 92.0.4515
18/08/21 08:09:22 PM: INFO: Get LATEST driver version for 92.0.4515
18/08/21 08:09:22 PM: INFO: Driver [C:\Users\kjoshi31\.wdm\drivers\chromedriver\win32\92.0.4515.107\chromedriver.exe] found in cache
18/08/21 08:09:26 PM: INFO: *************** Test_001_Login started ****************
18/08/21 08:09:26 PM: INFO: *************** test_loginPageTitle started ****************
18/08/21 08:09:30 PM: INFO: *************** test_loginPageTitle passed ****************
18/08/21 08:09:30 PM: INFO: 

18/08/21 08:09:30 PM: INFO: ====== WebDriver manager ======
18/08/21 08:09:30 PM: INFO: Current google-chrome version is 92.0.4515
18/08/21 08:09:30 PM: INFO: Get LATEST driver version for 92.0.4515
18/08/21 08:09:31 PM: INFO: Driver [C:\Users\kjoshi31\.wdm\drivers\chromedriver\win32\92.0.4515.107\chromedriver.exe] found in cache
18/08/21 08:16:52 PM: INFO: ====== WebDriver manager ======
18/08/21 08:16:53 PM: INFO: There is no [win64] edgedriver for browser  in cache
18/08/21 08:16:53 PM: INFO: Trying to download new driver from https://msedgedriver.azureedge.net/92.0.902.73/edgedriver_win64.zip
18/08/21 08:17:05 PM: INFO: Driver has been saved in cache [C:\Users\kjoshi31\.wdm\drivers\edgedriver\win64\92.0.902.73]
18/08/21 08:17:13 PM: INFO: *************** Test_001_Login started ****************
18/08/21 08:17:13 PM: INFO: *************** test_loginPageTitle started ****************
18/08/21 08:17:17 PM: INFO: *************** test_loginPageTitle passed ****************
18/08/21 08:17:17 PM: INFO: ====== WebDriver manager ======
18/08/21 08:17:18 PM: INFO: Driver [C:\Users\kjoshi31\.wdm\drivers\edgedriver\win64\92.0.902.73\msedgedriver.exe] found in cache
18/08/21 08:17:22 PM: INFO: *************** test_login started ****************
18/08/21 08:18:08 PM: INFO: *************** test_login passed ****************
